<?xml version="1.0" encoding="UTF-8"?>
<!-- Generated by org.testng.reporters.JUnitReportReporter -->
<testsuite skipped="0" hostname="DESKTOP-0SH0Q77" name="testcases.TC2Login" tests="2" failures="0" timestamp="13 Feb 2022 23:44:29 GMT" time="3.738" errors="0">
  <testcase name="verifyInvalidLogin" time="1.853" classname="testcases.TC2Login"/>
  <testcase name="verifyLogin" time="1.885" classname="testcases.TC2Login"/>
</testsuite> <!-- testcases.TC2Login -->
