<?xml version="1.0" encoding="UTF-8"?>
<!-- Generated by org.testng.reporters.JUnitReportReporter -->
<testsuite skipped="0" hostname="DESKTOP-0SH0Q77" name="testcases.TC1Register" tests="2" failures="0" timestamp="06 Feb 2022 03:12:54 GMT" time="5.987" errors="0">
  <testcase name="emptyFieldValidation" time="3.486" classname="testcases.TC1Register"/>
  <testcase name="registerUser" time="2.501" classname="testcases.TC1Register"/>
</testsuite> <!-- testcases.TC1Register -->
