<?xml version="1.0" encoding="UTF-8"?>
<!-- Generated by org.testng.reporters.JUnitReportReporter -->
<testsuite skipped="0" hostname="DESKTOP-0SH0Q77" name="testcases.TC4AddCart" tests="1" failures="0" timestamp="13 Feb 2022 23:44:29 GMT" time="4.592" errors="0">
  <testcase name="clickCart" time="4.592" classname="testcases.TC4AddCart"/>
</testsuite> <!-- testcases.TC4AddCart -->
