<?xml version="1.0" encoding="UTF-8"?>
<!-- Generated by org.testng.reporters.JUnitReportReporter -->
<testsuite hostname="DESKTOP-0SH0Q77" failures="0" tests="1" name="rough.LoginTest" time="5.413" errors="0" timestamp="30 Jan. 2022 04:31:45 GMT" skipped="0">
  <testcase classname="rough.LoginTest" name="f" time="5.413"/>
</testsuite> <!-- rough.LoginTest -->
