<?xml version="1.0" encoding="UTF-8"?>
<!-- Generated by org.testng.reporters.JUnitReportReporter -->
<testsuite skipped="0" hostname="DESKTOP-0SH0Q77" name="testcases.TC2Login" tests="2" failures="0" timestamp="11 Feb 2022 02:31:38 GMT" time="4.329" errors="0">
  <testcase name="verifyInvalidLogin" time="2.170" classname="testcases.TC2Login"/>
  <testcase name="verifyLogin" time="2.159" classname="testcases.TC2Login"/>
</testsuite> <!-- testcases.TC2Login -->
