<?xml version="1.0" encoding="UTF-8"?>
<!-- Generated by org.testng.reporters.JUnitReportReporter -->
<testsuite skipped="0" hostname="DESKTOP-0SH0Q77" name="testcases.TC2Login" tests="2" failures="0" timestamp="06 Feb 2022 03:07:11 GMT" time="5.154" errors="0">
  <testcase name="verifyInvalidLogin" time="2.940" classname="testcases.TC2Login"/>
  <testcase name="verifyLogin" time="2.214" classname="testcases.TC2Login"/>
</testsuite> <!-- testcases.TC2Login -->
