<?xml version="1.0" encoding="UTF-8"?>
<!-- Generated by org.testng.reporters.JUnitReportReporter -->
<testsuite hostname="DESKTOP-0SH0Q77" failures="0" tests="2" name="testcases.MyAccount" time="9.773" errors="0" timestamp="30 Jan. 2022 18:13:42 GMT" skipped="0">
  <testcase classname="testcases.MyAccount" name="validateHomePageTitle" time="5.738"/>
  <testcase classname="testcases.MyAccount" name="account" time="4.035"/>
</testsuite> <!-- testcases.MyAccount -->
