<?xml version="1.0" encoding="UTF-8"?>
<!-- Generated by org.testng.reporters.JUnitReportReporter -->
<testsuite skipped="0" hostname="DESKTOP-0SH0Q77" name="testcases.TC3AddAddress" tests="1" failures="0" timestamp="06 Feb 2022 03:07:11 GMT" time="4.692" errors="0">
  <testcase name="updateAdress" time="4.692" classname="testcases.TC3AddAddress"/>
</testsuite> <!-- testcases.TC3AddAddress -->
