<?xml version="1.0" encoding="UTF-8"?>
<!-- Generated by org.testng.reporters.JUnitReportReporter -->
<testsuite hostname="DESKTOP-0SH0Q77" failures="0" tests="1" name="testcases.RegisterUser" time="7.175" errors="0" timestamp="30 Jan. 2022 18:45:49 GMT" skipped="0">
  <testcase classname="testcases.RegisterUser" name="account" time="7.175"/>
</testsuite> <!-- testcases.RegisterUser -->
