<?xml version="1.0" encoding="UTF-8"?>
<!-- Generated by org.testng.reporters.JUnitReportReporter -->
<testsuite skipped="0" hostname="DESKTOP-0SH0Q77" name="testcases.TC3AddAddress" tests="1" failures="0" timestamp="05 Feb 2022 18:32:05 GMT" time="3.230" errors="0">
  <testcase name="updateAdress" time="3.230" classname="testcases.TC3AddAddress"/>
</testsuite> <!-- testcases.TC3AddAddress -->
