<?xml version="1.0" encoding="UTF-8"?>
<!-- Generated by org.testng.reporters.JUnitReportReporter -->
<testsuite skipped="0" hostname="DESKTOP-0SH0Q77" name="testcases.TC4AddCart" tests="1" failures="0" timestamp="05 Feb 2022 18:32:05 GMT" time="11.150" errors="0">
  <testcase name="clickCart" time="11.150" classname="testcases.TC4AddCart"/>
</testsuite> <!-- testcases.TC4AddCart -->
