<?xml version="1.0" encoding="UTF-8"?>
<!-- Generated by org.testng.reporters.JUnitReportReporter -->
<testsuite skipped="0" hostname="DESKTOP-0SH0Q77" name="rough.LoginTest" tests="1" failures="0" timestamp="06 Feb 2022 03:14:55 GMT" time="8.432" errors="0">
  <testcase name="f" time="8.432" classname="rough.LoginTest"/>
</testsuite> <!-- rough.LoginTest -->
