<?xml version="1.0" encoding="UTF-8"?>
<!-- Generated by org.testng.reporters.JUnitReportReporter -->
<testsuite skipped="0" hostname="DESKTOP-0SH0Q77" name="testcases.TC2Login" tests="2" failures="0" timestamp="05 Feb 2022 18:32:05 GMT" time="4.336" errors="0">
  <testcase name="verifyInvalidLogin" time="1.990" classname="testcases.TC2Login"/>
  <testcase name="verifyLogin" time="2.346" classname="testcases.TC2Login"/>
</testsuite> <!-- testcases.TC2Login -->
