<?xml version="1.0" encoding="UTF-8"?>
<!-- Generated by org.testng.reporters.JUnitReportReporter -->
<testsuite skipped="0" hostname="DESKTOP-0SH0Q77" name="testcases.TC1Register" tests="2" failures="0" timestamp="05 Feb 2022 18:32:05 GMT" time="5.315" errors="0">
  <testcase name="emptyFieldValidation" time="3.043" classname="testcases.TC1Register"/>
  <testcase name="registerUser" time="2.272" classname="testcases.TC1Register"/>
</testsuite> <!-- testcases.TC1Register -->
